<?xml version="1.0" encoding="UTF-8"?>
<!-- Generated by org.testng.reporters.JUnitXMLReporter -->
<testsuite hostname="LAPTOP-P9U8PG08" ignored="0" name="Login_failed" tests="1" failures="1" timestamp="13 Jul 2021 02:35:45 GMT" time="410.662" errors="0">
  <testcase name="feature" time="409.979" classname="cucumber.api.testng.AbstractTestNGCucumberTests">
    <failure type="cucumber.runtime.CucumberException" message="java.lang.NullPointerException">
      <![CDATA[cucumber.runtime.CucumberException: java.lang.NullPointerException
at cucumber.api.testng.TestNGCucumberRunner.runCucumber(TestNGCucumberRunner.java:69)
at cucumber.api.testng.AbstractTestNGCucumberTests.feature(AbstractTestNGCucumberTests.java:21)
Caused by: java.lang.NullPointerException
at com.cucumber.framework.stepdefinition.IMDb_step.Top_Rated_movie_step.verify_Top_Rated_shows_screen_is_displayed(Top_Rated_movie_step.java:38)
at ✽.Then Verify Top Rated shows screen is displayed "Top Rated TV Showss"(featurefile/IMDB/Top_Rated_shows.feature:7)
... Removed 25 stack frames]]>
    </failure>
  </testcase> <!-- feature -->
</testsuite> <!-- Login_failed -->
